<?xml version="1.0" encoding="UTF-8"?>
<testsuite name="br.com.codenation.StatisticUtilTest" tests="3" skipped="0" failures="0" errors="0" timestamp="2020-04-29T17:58:04" hostname="Lenovo-PC" time="0.132">
  <properties/>
  <testcase name="testMode" classname="br.com.codenation.StatisticUtilTest" time="0.11"/>
  <testcase name="testAverage" classname="br.com.codenation.StatisticUtilTest" time="0.008"/>
  <testcase name="testMedian" classname="br.com.codenation.StatisticUtilTest" time="0.013"/>
  <system-out><![CDATA[]]></system-out>
  <system-err><![CDATA[]]></system-err>
</testsuite>
